<?xml version="1.0" encoding="UTF-8"?>
<testsuite xmlns:xsi="http://www.w3.org/2001/XMLSchema-instance" xsi:noNamespaceSchemaLocation="https://maven.apache.org/surefire/maven-surefire-plugin/xsd/surefire-test-report.xsd" version="3.0.1" name="matala1.matala1.AppTest" time="0.048" tests="9" errors="0" skipped="0" failures="0">
  <properties>
[...]
</properties>
  <testcase name="Test_case_1" classname="matala1.matala1.AppTest" time="0.019"/>
  <testcase name="Test_case_2" classname="matala1.matala1.AppTest" time="0.0"/>
  <testcase name="Test_case_3" classname="matala1.matala1.AppTest" time="0.0"/>
  <testcase name="Test_case_4" classname="matala1.matala1.AppTest" time="0.0"/>
  <testcase name="Test_case_5" classname="matala1.matala1.AppTest" time="0.0"/>
  <testcase name="Test_case_6" classname="matala1.matala1.AppTest" time="0.0"/>
  <testcase name="Test_case_7" classname="matala1.matala1.AppTest" time="0.0"/>
  <testcase name="Test_case_8" classname="matala1.matala1.AppTest" time="0.0"/>
  <testcase name="Test_case_9" classname="matala1.matala1.AppTest" time="0.001"/>
</testsuite>